[Jun 14 02:53:09] Starting installation of Zend Optimizer ...
[Jun 14 02:53:09] Executing: uname -s 2>/dev/null
[Jun 14 02:53:09] Command has returned exit status: 0
[Jun 14 02:53:09] Executing: uname -m 2>/dev/null
[Jun 14 02:53:09] Command has returned exit status: 0
[Jun 14 02:53:09] Executing: uname -r 2>/dev/null
[Jun 14 02:53:09] Command has returned exit status: 0
[Jun 14 02:53:09] Executing: uname -n 2>/dev/null
[Jun 14 02:53:09] Command has returned exit status: 0
[Jun 14 02:53:09] System: Linux 2.6.18-8.1.4.el5xen i686
[Jun 14 02:53:09] Hostname: self.lxlabs.com
[Jun 14 02:53:09] Setting TEMP=/tmp/zend_install.24583
[Jun 14 02:53:09] Creating directory: /tmp/zend_install.24583
[Jun 14 02:53:09] MSGBOX: "Welcome to the Zend Optimizer 3.2.8 Installation! For more information regarding this procedure, please see the Zend Optimizer Installation Guide. "
[Jun 14 02:53:09] ./dialog --clear --backtitle 'Zend Optimizer Installation' --title 'Zend Optimizer 3.2.8' --msgbox ' Welcome to the Zend Optimizer 3.2.8 Installation! For more information regarding this procedure, please see the Zend Optimizer Installation Guide. ' 0 0
[Jun 14 02:53:10] Showing license: ..//LICENSE
[Jun 14 02:53:10] Wrapping text from file: ..//LICENSE
[Jun 14 02:53:10] Open file: /tmp/zend_install.24583/LICENSE.wrapped for writing
[Jun 14 02:53:10] ./dialog --clear --backtitle 'Zend Optimizer Installation' --title 'Zend Optimizer 3.2.8' --textbox '/tmp/zend_install.24583/LICENSE.wrapped' 0 0
[Jun 14 02:53:10] YESNO: IMPORTANT: BY SELECTING THE 'YES' OPTION BELOW, DOWNLOADING, INSTALLING, OR OTHERWISE USING THIS SOFTWARE, YOU ACKNOWLEDGE THAT YOU HAVE READ THE LICENSE AGREEMENT, AND THAT YOU AGREE TO BE BOUND BY ITS TERMS AND CONDITIONS. IF YOU DO NOT AGREE TO ALL OF THE TERMS AND CONDITIONS OF SUCH AGREEMENT, YOU ARE NOT AN AUTHORIZED USER OF THE SOFTWARE AND IT IS YOUR RESPONSIBILITY TO EXIT THIS DOWNLOADING/INSTALLATION PROCESS WITHOUT DOWNLOADING OR INSTALLING THE SOFTWARE BY SELECTING THE 'NO' OPTION BELOW, AND TO DELETE THE SOFTWARE FROM YOUR COMPUTER. Do you accept the terms of this license?
[Jun 14 02:53:10] ./dialog --clear --backtitle 'Zend Optimizer Installation' --title 'Zend Optimizer 3.2.8' --yesno ' IMPORTANT: BY SELECTING THE '\''YES'\'' OPTION BELOW, DOWNLOADING, INSTALLING, OR OTHERWISE USING THIS SOFTWARE, YOU ACKNOWLEDGE THAT YOU HAVE READ THE LICENSE AGREEMENT, AND THAT YOU AGREE TO BE BOUND BY ITS TERMS AND CONDITIONS. IF YOU DO NOT AGREE TO ALL OF THE TERMS AND CONDITIONS OF SUCH AGREEMENT, YOU ARE NOT AN AUTHORIZED USER OF THE SOFTWARE AND IT IS YOUR RESPONSIBILITY TO EXIT THIS DOWNLOADING/INSTALLATION PROCESS WITHOUT DOWNLOADING OR INSTALLING THE SOFTWARE BY SELECTING THE '\''NO'\'' OPTION BELOW, AND TO DELETE THE SOFTWARE FROM YOUR COMPUTER. Do you accept the terms of this license? ' 0 0
[Jun 14 02:53:11] User choose: YES
[Jun 14 02:53:11] Choosing install prefix ...
[Jun 14 02:53:11] ASK: Please specify the location for installing Zend Optimizer: 
[Jun 14 02:53:11] ./dialog --clear --backtitle 'Zend Optimizer Installation' --title 'Zend Optimizer 3.2.8' --inputbox ' Please specify the location for installing Zend Optimizer: ' 0 0 '/usr/local/Zend'
[Jun 14 02:53:22] INPUTBOX: /usr/lib/lxadminphp/zend
[Jun 14 02:53:22] Trying to guess PHP.ini location ...
[Jun 14 02:53:22] Broken link: /etc/php.ini
[Jun 14 02:53:22] ASK: Enter the location of your php.ini file
[Jun 14 02:53:22] ./dialog --clear --backtitle 'Zend Optimizer Installation' --title 'Zend Optimizer 3.2.8' --inputbox ' Enter the location of your php.ini file ' 0 0 ' '
[Jun 14 02:53:25] INPUTBOX: /etc/ 
[Jun 14 02:53:25] Broken link: /etc/php.ini
[Jun 14 02:53:25] YESNO: php.ini was not found in /etc. Do you wish that an empty php.ini will be created in that location?
[Jun 14 02:53:25] ./dialog --clear --backtitle 'Zend Optimizer Installation' --title 'Zend Optimizer 3.2.8' --yesno ' php.ini was not found in /etc. Do you wish that an empty php.ini will be created in that location? ' 0 0
[Jun 14 02:53:43] User choose: YES
[Jun 14 02:53:43] Unlinking: /etc/php.ini
[Jun 14 02:53:43] Creating file: /etc/php.ini
[Jun 14 02:53:43] Confirmed the location of php.ini at: /etc
[Jun 14 02:53:43] Reading PHP.ini: /etc/php.ini
[Jun 14 02:53:43] Creating directory: /tmp/zend_install.24583/saved
[Jun 14 02:53:43] Open file: /tmp/zend_install.24583/saved/_etc_php.ini for writing
[Jun 14 02:53:43] YESNO: Are you using Apache Web server?
[Jun 14 02:53:43] ./dialog --clear --backtitle 'Zend Optimizer Installation' --title 'Zend Optimizer 3.2.8' --yesno ' Are you using Apache Web server? ' 0 0
[Jun 14 02:53:45] User choose: NO
[Jun 14 02:53:45] Detecting PHP version ...
[Jun 14 02:53:45] Gathering components info ...
[Jun 14 02:53:45] Unlinking: /usr/lib/lxadminphp/zend/doc
[Jun 14 02:53:45] Executing: "mkdir -p '/usr/lib/lxadminphp/zend/doc'" (status: 0)
[Jun 14 02:53:45] Copying: ../data/doc/Zend_Optimizer_User_Guide.pdf to: /usr/lib/lxadminphp/zend/doc/Zend_Optimizer_User_Guide.pdf
[Jun 14 02:53:45] Setting permissions on /usr/lib/lxadminphp/zend/doc/Zend_Optimizer_User_Guide.pdf: mode=100644
[Jun 14 02:53:45] Copying: ../data/doc/Zend_Optimizer_User_Guide.txt to: /usr/lib/lxadminphp/zend/doc/Zend_Optimizer_User_Guide.txt
[Jun 14 02:53:45] Setting permissions on /usr/lib/lxadminphp/zend/doc/Zend_Optimizer_User_Guide.txt: mode=100644
[Jun 14 02:53:45] Unlinking: /usr/lib/lxadminphp/zend/bin
[Jun 14 02:53:45] Executing: "mkdir -p '/usr/lib/lxadminphp/zend/bin'" (status: 0)
[Jun 14 02:53:45] Copying: ../data/zendid to: /usr/lib/lxadminphp/zend/bin/zendid
[Jun 14 02:53:45] Setting permissions on /usr/lib/lxadminphp/zend/bin/zendid: mode=100755
[Jun 14 02:53:45] Unlinking: /usr/lib/lxadminphp/zend/lib
[Jun 14 02:53:45] Executing: "mkdir -p '/usr/lib/lxadminphp/zend/lib'" (status: 0)
[Jun 14 02:53:45] Copying: ../data/ZendExtensionManager.so to: /usr/lib/lxadminphp/zend/lib/ZendExtensionManager.so
[Jun 14 02:53:45] Setting permissions on /usr/lib/lxadminphp/zend/lib/ZendExtensionManager.so: mode=100755
[Jun 14 02:53:45] Unlinking: /usr/lib/lxadminphp/zend/etc
[Jun 14 02:53:45] Executing: "mkdir -p '/usr/lib/lxadminphp/zend/etc'" (status: 0)
[Jun 14 02:53:45] Copying: ../data/poweredbyoptimizer.gif to: /usr/lib/lxadminphp/zend/etc/poweredbyoptimizer.gif
[Jun 14 02:53:45] Setting permissions on /usr/lib/lxadminphp/zend/etc/poweredbyoptimizer.gif: mode=100644
[Jun 14 02:53:45] Copying: ../README-ZendOptimizer to: /usr/lib/lxadminphp/zend/doc/README-ZendOptimizer
[Jun 14 02:53:45] Setting permissions on /usr/lib/lxadminphp/zend/doc/README-ZendOptimizer: mode=100644
[Jun 14 02:53:45] Copying: ../EULA-ZendOptimizer to: /usr/lib/lxadminphp/zend/doc/EULA-ZendOptimizer
[Jun 14 02:53:45] Setting permissions on /usr/lib/lxadminphp/zend/doc/EULA-ZendOptimizer: mode=100644
[Jun 14 02:53:45] Unlinking: /usr/lib/lxadminphp/zend/lib/Optimizer-3.2.8/php-4.2.0
[Jun 14 02:53:45] Executing: "mkdir -p '/usr/lib/lxadminphp/zend/lib/Optimizer-3.2.8/php-4.2.0'" (status: 0)
[Jun 14 02:53:45] Copying: ../data/4_2_0_comp/ZendOptimizer.so to: /usr/lib/lxadminphp/zend/lib/Optimizer-3.2.8/php-4.2.0/ZendOptimizer.so
[Jun 14 02:53:45] Setting permissions on /usr/lib/lxadminphp/zend/lib/Optimizer-3.2.8/php-4.2.0/ZendOptimizer.so: mode=100755
[Jun 14 02:53:45] Unlinking: /usr/lib/lxadminphp/zend/lib/Optimizer-3.2.8/php-4.2.x
[Jun 14 02:53:45] Executing: "mkdir -p '/usr/lib/lxadminphp/zend/lib/Optimizer-3.2.8/php-4.2.x'" (status: 0)
[Jun 14 02:53:45] Copying: ../data/4_2_x_comp/ZendOptimizer.so to: /usr/lib/lxadminphp/zend/lib/Optimizer-3.2.8/php-4.2.x/ZendOptimizer.so
[Jun 14 02:53:45] Setting permissions on /usr/lib/lxadminphp/zend/lib/Optimizer-3.2.8/php-4.2.x/ZendOptimizer.so: mode=100755
[Jun 14 02:53:45] Unlinking: /usr/lib/lxadminphp/zend/lib/Optimizer-3.2.8/php-4.3.x
[Jun 14 02:53:45] Executing: "mkdir -p '/usr/lib/lxadminphp/zend/lib/Optimizer-3.2.8/php-4.3.x'" (status: 0)
[Jun 14 02:53:45] Copying: ../data/4_3_x_comp/ZendOptimizer.so to: /usr/lib/lxadminphp/zend/lib/Optimizer-3.2.8/php-4.3.x/ZendOptimizer.so
[Jun 14 02:53:45] Setting permissions on /usr/lib/lxadminphp/zend/lib/Optimizer-3.2.8/php-4.3.x/ZendOptimizer.so: mode=100755
[Jun 14 02:53:45] Unlinking: /usr/lib/lxadminphp/zend/lib/Optimizer_TS-3.2.8/php-4.3.x
[Jun 14 02:53:45] Executing: "mkdir -p '/usr/lib/lxadminphp/zend/lib/Optimizer_TS-3.2.8/php-4.3.x'" (status: 0)
[Jun 14 02:53:45] Copying: ../data/4_3_x_comp/TS/ZendOptimizer.so to: /usr/lib/lxadminphp/zend/lib/Optimizer_TS-3.2.8/php-4.3.x/ZendOptimizer.so
[Jun 14 02:53:45] Setting permissions on /usr/lib/lxadminphp/zend/lib/Optimizer_TS-3.2.8/php-4.3.x/ZendOptimizer.so: mode=100755
[Jun 14 02:53:45] Copying: ../data/ZendExtensionManager_TS.so to: /usr/lib/lxadminphp/zend/lib/ZendExtensionManager_TS.so
[Jun 14 02:53:45] Setting permissions on /usr/lib/lxadminphp/zend/lib/ZendExtensionManager_TS.so: mode=100755
[Jun 14 02:53:45] Unlinking: /usr/lib/lxadminphp/zend/lib/Optimizer-3.2.8/php-4.4.x
[Jun 14 02:53:45] Executing: "mkdir -p '/usr/lib/lxadminphp/zend/lib/Optimizer-3.2.8/php-4.4.x'" (status: 0)
[Jun 14 02:53:45] Copying: ../data/4_4_x_comp/ZendOptimizer.so to: /usr/lib/lxadminphp/zend/lib/Optimizer-3.2.8/php-4.4.x/ZendOptimizer.so
[Jun 14 02:53:45] Setting permissions on /usr/lib/lxadminphp/zend/lib/Optimizer-3.2.8/php-4.4.x/ZendOptimizer.so: mode=100755
[Jun 14 02:53:45] Unlinking: /usr/lib/lxadminphp/zend/lib/Optimizer_TS-3.2.8/php-4.4.x
[Jun 14 02:53:45] Executing: "mkdir -p '/usr/lib/lxadminphp/zend/lib/Optimizer_TS-3.2.8/php-4.4.x'" (status: 0)
[Jun 14 02:53:45] Copying: ../data/4_4_x_comp/TS/ZendOptimizer.so to: /usr/lib/lxadminphp/zend/lib/Optimizer_TS-3.2.8/php-4.4.x/ZendOptimizer.so
[Jun 14 02:53:45] Setting permissions on /usr/lib/lxadminphp/zend/lib/Optimizer_TS-3.2.8/php-4.4.x/ZendOptimizer.so: mode=100755
[Jun 14 02:53:45] Unlinking: /usr/lib/lxadminphp/zend/lib/Optimizer-3.2.8/php-5.0.x
[Jun 14 02:53:45] Executing: "mkdir -p '/usr/lib/lxadminphp/zend/lib/Optimizer-3.2.8/php-5.0.x'" (status: 0)
[Jun 14 02:53:45] Copying: ../data/5_0_x_comp/ZendOptimizer.so to: /usr/lib/lxadminphp/zend/lib/Optimizer-3.2.8/php-5.0.x/ZendOptimizer.so
[Jun 14 02:53:45] Setting permissions on /usr/lib/lxadminphp/zend/lib/Optimizer-3.2.8/php-5.0.x/ZendOptimizer.so: mode=100755
[Jun 14 02:53:45] Unlinking: /usr/lib/lxadminphp/zend/lib/Optimizer_TS-3.2.8/php-5.0.x
[Jun 14 02:53:45] Executing: "mkdir -p '/usr/lib/lxadminphp/zend/lib/Optimizer_TS-3.2.8/php-5.0.x'" (status: 0)
[Jun 14 02:53:45] Copying: ../data/5_0_x_comp/TS/ZendOptimizer.so to: /usr/lib/lxadminphp/zend/lib/Optimizer_TS-3.2.8/php-5.0.x/ZendOptimizer.so
[Jun 14 02:53:45] Setting permissions on /usr/lib/lxadminphp/zend/lib/Optimizer_TS-3.2.8/php-5.0.x/ZendOptimizer.so: mode=100755
[Jun 14 02:53:45] Unlinking: /usr/lib/lxadminphp/zend/lib/Optimizer-3.2.8/php-5.1.x
[Jun 14 02:53:45] Executing: "mkdir -p '/usr/lib/lxadminphp/zend/lib/Optimizer-3.2.8/php-5.1.x'" (status: 0)
[Jun 14 02:53:45] Copying: ../data/5_1_x_comp/ZendOptimizer.so to: /usr/lib/lxadminphp/zend/lib/Optimizer-3.2.8/php-5.1.x/ZendOptimizer.so
[Jun 14 02:53:45] Setting permissions on /usr/lib/lxadminphp/zend/lib/Optimizer-3.2.8/php-5.1.x/ZendOptimizer.so: mode=100755
[Jun 14 02:53:45] Unlinking: /usr/lib/lxadminphp/zend/lib/Optimizer_TS-3.2.8/php-5.1.x
[Jun 14 02:53:45] Executing: "mkdir -p '/usr/lib/lxadminphp/zend/lib/Optimizer_TS-3.2.8/php-5.1.x'" (status: 0)
[Jun 14 02:53:45] Copying: ../data/5_1_x_comp/TS/ZendOptimizer.so to: /usr/lib/lxadminphp/zend/lib/Optimizer_TS-3.2.8/php-5.1.x/ZendOptimizer.so
[Jun 14 02:53:45] Setting permissions on /usr/lib/lxadminphp/zend/lib/Optimizer_TS-3.2.8/php-5.1.x/ZendOptimizer.so: mode=100755
[Jun 14 02:53:45] Unlinking: /usr/lib/lxadminphp/zend/lib/Optimizer-3.2.8/php-5.2.x
[Jun 14 02:53:45] Executing: "mkdir -p '/usr/lib/lxadminphp/zend/lib/Optimizer-3.2.8/php-5.2.x'" (status: 0)
[Jun 14 02:53:45] Copying: ../data/5_2_x_comp/ZendOptimizer.so to: /usr/lib/lxadminphp/zend/lib/Optimizer-3.2.8/php-5.2.x/ZendOptimizer.so
[Jun 14 02:53:45] Setting permissions on /usr/lib/lxadminphp/zend/lib/Optimizer-3.2.8/php-5.2.x/ZendOptimizer.so: mode=100755
[Jun 14 02:53:45] Unlinking: /usr/lib/lxadminphp/zend/lib/Optimizer_TS-3.2.8/php-5.2.x
[Jun 14 02:53:45] Executing: "mkdir -p '/usr/lib/lxadminphp/zend/lib/Optimizer_TS-3.2.8/php-5.2.x'" (status: 0)
[Jun 14 02:53:45] Copying: ../data/5_2_x_comp/TS/ZendOptimizer.so to: /usr/lib/lxadminphp/zend/lib/Optimizer_TS-3.2.8/php-5.2.x/ZendOptimizer.so
[Jun 14 02:53:45] Setting permissions on /usr/lib/lxadminphp/zend/lib/Optimizer_TS-3.2.8/php-5.2.x/ZendOptimizer.so: mode=100755
[Jun 14 02:53:45] Added new extension to php.ini: zend_extension=/usr/lib/lxadminphp/zend/lib/ZendExtensionManager.so 
[Jun 14 02:53:45] Added new line to php.ini: zend_extension_manager.optimizer=/usr/lib/lxadminphp/zend/lib/Optimizer-3.2.8 
[Jun 14 02:53:45] Added new line to php.ini: zend_extension_manager.optimizer_ts=/usr/lib/lxadminphp/zend/lib/Optimizer_TS-3.2.8 
[Jun 14 02:53:45] Added new extension to php.ini: zend_extension_ts=/usr/lib/lxadminphp/zend/lib/ZendExtensionManager_TS.so 
[Jun 14 02:53:45] Added new line to php.ini: zend_optimizer.version=3.2.8 
[Jun 14 02:53:45] PHP.ini re-ordered
[Jun 14 02:53:45] Backing-up file: /etc/php.ini
[Jun 14 02:53:45] Copying: /etc/php.ini to: /etc/php.ini-zend_optimizer.bak
[Jun 14 02:53:45] Setting permissions on /etc/php.ini-zend_optimizer.bak: mode=100644
[Jun 14 02:53:45] Saving PHP.ini file: /etc/php.ini
[Jun 14 02:53:45] Open file: /etc/php.ini for writing
[Jun 14 02:53:45] Relocating php.ini from: /etc/php.ini to: /usr/lib/lxadminphp/zend/etc/php.ini
[Jun 14 02:53:45] Moving: /etc/php.ini to: /usr/lib/lxadminphp/zend/etc/php.ini
[Jun 14 02:53:45] Unlinking: /etc/php.ini
[Jun 14 02:53:45] Unlinking: /etc/php.ini
[Jun 14 02:53:45] Symlinking /etc/php.ini -> /usr/lib/lxadminphp/zend/etc/php.ini
[Jun 14 02:53:45] MSGBOX: "The following configuration changes have been made: - The php.ini file has been relocated from /etc to /usr/lib/lxadminphp/zend/etc - A symbolic link for the php.ini file has been created in /etc. - The original php.ini was backed up to /etc/php.ini-zend_optimizer.bak "
[Jun 14 02:53:45] ./dialog --clear --backtitle 'Zend Optimizer Installation' --title 'Zend Optimizer 3.2.8' --msgbox ' The following configuration changes have been made: - The php.ini file has been relocated from /etc to /usr/lib/lxadminphp/zend/etc - A symbolic link for the php.ini file has been created in /etc. - The original php.ini was backed up to /etc/php.ini-zend_optimizer.bak ' 0 0
[Jun 14 02:53:51] MSGBOX: "The installation has completed successfully. Zend Optimizer is now ready for use. You must restart your Web server for the modifications to take effect."
[Jun 14 02:53:51] ./dialog --clear --backtitle 'Zend Optimizer Installation' --title 'Zend Optimizer 3.2.8' --msgbox ' The installation has completed successfully. Zend Optimizer is now ready for use. You must restart your Web server for the modifications to take effect. ' 0 0
[Jun 14 02:53:52] Cleaning up ...
[Jun 14 02:53:52] Unlinking: /usr/lib/lxadminphp/zend/logs
[Jun 14 02:53:52] Executing: "mkdir -p '/usr/lib/lxadminphp/zend/logs'" (status: 0)
